  Proyecto1JuanDiegoAlvaradoEstructuras.cpp
C:\Users\JUAN DIEGO ALVARADO\source\repos\Proyecto1JuanDiegoAlvaradoEstructuras\Proyecto1JuanDiegoAlvaradoEstructuras\EnOrden.h(12,33): error C2601:  'gotoxy12': las definiciones de funciones locales no son válidas
C:\Users\JUAN DIEGO ALVARADO\source\repos\Proyecto1JuanDiegoAlvaradoEstructuras\Proyecto1JuanDiegoAlvaradoEstructuras\Score.h(186): message :  esta línea contiene un elemento '{' y no se ha encontrado su elemento de cierre
C:\Users\JUAN DIEGO ALVARADO\source\repos\Proyecto1JuanDiegoAlvaradoEstructuras\Proyecto1JuanDiegoAlvaradoEstructuras\EnOrden.h(49,12): error C2059:  error de sintaxis: ';'
C:\Users\JUAN DIEGO ALVARADO\source\repos\Proyecto1JuanDiegoAlvaradoEstructuras\Proyecto1JuanDiegoAlvaradoEstructuras\EnOrden.h(55,17): error C2653:  'EnOrden': no es un nombre de clase o espacio de nombres
C:\Users\JUAN DIEGO ALVARADO\source\repos\Proyecto1JuanDiegoAlvaradoEstructuras\Proyecto1JuanDiegoAlvaradoEstructuras\EnOrden.h(55,30): error C4430:  falta el especificador de tipo; se presupone int. Nota: C++ no admite default-int
C:\Users\JUAN DIEGO ALVARADO\source\repos\Proyecto1JuanDiegoAlvaradoEstructuras\Proyecto1JuanDiegoAlvaradoEstructuras\EnOrden.h(57,2): error C2065:  'Puntaje': identificador no declarado
C:\Users\JUAN DIEGO ALVARADO\source\repos\Proyecto1JuanDiegoAlvaradoEstructuras\Proyecto1JuanDiegoAlvaradoEstructuras\EnOrden.h(58,2): error C2065:  'sig': identificador no declarado
C:\Users\JUAN DIEGO ALVARADO\source\repos\Proyecto1JuanDiegoAlvaradoEstructuras\Proyecto1JuanDiegoAlvaradoEstructuras\EnOrden.h(59,1): warning C4508:  'EnOrden': la función debe devolver un valor; se supone que el tipo de valor devuelto es 'void'
C:\Users\JUAN DIEGO ALVARADO\source\repos\Proyecto1JuanDiegoAlvaradoEstructuras\Proyecto1JuanDiegoAlvaradoEstructuras\EnOrden.h(60,17): error C2653:  'EnOrden': no es un nombre de clase o espacio de nombres
C:\Users\JUAN DIEGO ALVARADO\source\repos\Proyecto1JuanDiegoAlvaradoEstructuras\Proyecto1JuanDiegoAlvaradoEstructuras\EnOrden.h(60,33): error C4430:  falta el especificador de tipo; se presupone int. Nota: C++ no admite default-int
C:\Users\JUAN DIEGO ALVARADO\source\repos\Proyecto1JuanDiegoAlvaradoEstructuras\Proyecto1JuanDiegoAlvaradoEstructuras\EnOrden.h(62,2): error C2355:  'this': solo se puede hacer referencia a this en funciones miembro no estáticas o inicializadores de miembro de datos no estáticos
C:\Users\JUAN DIEGO ALVARADO\source\repos\Proyecto1JuanDiegoAlvaradoEstructuras\Proyecto1JuanDiegoAlvaradoEstructuras\EnOrden.h(63,2): error C2065:  'sig': identificador no declarado
C:\Users\JUAN DIEGO ALVARADO\source\repos\Proyecto1JuanDiegoAlvaradoEstructuras\Proyecto1JuanDiegoAlvaradoEstructuras\EnOrden.h(64,1): warning C4508:  'EnOrden': la función debe devolver un valor; se supone que el tipo de valor devuelto es 'void'
C:\Users\JUAN DIEGO ALVARADO\source\repos\Proyecto1JuanDiegoAlvaradoEstructuras\Proyecto1JuanDiegoAlvaradoEstructuras\EnOrden.h(67,22): error C2653:  'EnOrden': no es un nombre de clase o espacio de nombres
C:\Users\JUAN DIEGO ALVARADO\source\repos\Proyecto1JuanDiegoAlvaradoEstructuras\Proyecto1JuanDiegoAlvaradoEstructuras\EnOrden.h(68,11): error C2065:  'NuevoNodo': identificador no declarado
C:\Users\JUAN DIEGO ALVARADO\source\repos\Proyecto1JuanDiegoAlvaradoEstructuras\Proyecto1JuanDiegoAlvaradoEstructuras\EnOrden.h(68,21): error C2563:  hay una falta de correspondencia en la lista de parámetros formales
C:\Users\JUAN DIEGO ALVARADO\source\repos\Proyecto1JuanDiegoAlvaradoEstructuras\Proyecto1JuanDiegoAlvaradoEstructuras\EnOrden.h(68,34): error C2061:  error de sintaxis: identificador 'EnOrden'
C:\Users\JUAN DIEGO ALVARADO\source\repos\Proyecto1JuanDiegoAlvaradoEstructuras\Proyecto1JuanDiegoAlvaradoEstructuras\EnOrden.h(69,5): error C2355:  'this': solo se puede hacer referencia a this en funciones miembro no estáticas o inicializadores de miembro de datos no estáticos
C:\Users\JUAN DIEGO ALVARADO\source\repos\Proyecto1JuanDiegoAlvaradoEstructuras\Proyecto1JuanDiegoAlvaradoEstructuras\EnOrden.h(71,3): error C2355:  'this': solo se puede hacer referencia a this en funciones miembro no estáticas o inicializadores de miembro de datos no estáticos
C:\Users\JUAN DIEGO ALVARADO\source\repos\Proyecto1JuanDiegoAlvaradoEstructuras\Proyecto1JuanDiegoAlvaradoEstructuras\EnOrden.h(71,15): error C2065:  'NuevoNodo': identificador no declarado
C:\Users\JUAN DIEGO ALVARADO\source\repos\Proyecto1JuanDiegoAlvaradoEstructuras\Proyecto1JuanDiegoAlvaradoEstructuras\EnOrden.h(72,3): error C2355:  'this': solo se puede hacer referencia a this en funciones miembro no estáticas o inicializadores de miembro de datos no estáticos
C:\Users\JUAN DIEGO ALVARADO\source\repos\Proyecto1JuanDiegoAlvaradoEstructuras\Proyecto1JuanDiegoAlvaradoEstructuras\EnOrden.h(72,15): error C2065:  'NuevoNodo': identificador no declarado
C:\Users\JUAN DIEGO ALVARADO\source\repos\Proyecto1JuanDiegoAlvaradoEstructuras\Proyecto1JuanDiegoAlvaradoEstructuras\EnOrden.h(78,3): error C2355:  'this': solo se puede hacer referencia a this en funciones miembro no estáticas o inicializadores de miembro de datos no estáticos
C:\Users\JUAN DIEGO ALVARADO\source\repos\Proyecto1JuanDiegoAlvaradoEstructuras\Proyecto1JuanDiegoAlvaradoEstructuras\EnOrden.h(78,20): error C2065:  'NuevoNodo': identificador no declarado
C:\Users\JUAN DIEGO ALVARADO\source\repos\Proyecto1JuanDiegoAlvaradoEstructuras\Proyecto1JuanDiegoAlvaradoEstructuras\EnOrden.h(79,3): error C2355:  'this': solo se puede hacer referencia a this en funciones miembro no estáticas o inicializadores de miembro de datos no estáticos
C:\Users\JUAN DIEGO ALVARADO\source\repos\Proyecto1JuanDiegoAlvaradoEstructuras\Proyecto1JuanDiegoAlvaradoEstructuras\EnOrden.h(79,15): error C2065:  'NuevoNodo': identificador no declarado
C:\Users\JUAN DIEGO ALVARADO\source\repos\Proyecto1JuanDiegoAlvaradoEstructuras\Proyecto1JuanDiegoAlvaradoEstructuras\EnOrden.h(80,3): error C2065:  'NuevoNodo': identificador no declarado
C:\Users\JUAN DIEGO ALVARADO\source\repos\Proyecto1JuanDiegoAlvaradoEstructuras\Proyecto1JuanDiegoAlvaradoEstructuras\EnOrden.h(86,18): error C2653:  'EnOrden': no es un nombre de clase o espacio de nombres
C:\Users\JUAN DIEGO ALVARADO\source\repos\Proyecto1JuanDiegoAlvaradoEstructuras\Proyecto1JuanDiegoAlvaradoEstructuras\EnOrden.h(87,11): error C2065:  'actual': identificador no declarado
C:\Users\JUAN DIEGO ALVARADO\source\repos\Proyecto1JuanDiegoAlvaradoEstructuras\Proyecto1JuanDiegoAlvaradoEstructuras\EnOrden.h(87,18): error C2563:  hay una falta de correspondencia en la lista de parámetros formales
C:\Users\JUAN DIEGO ALVARADO\source\repos\Proyecto1JuanDiegoAlvaradoEstructuras\Proyecto1JuanDiegoAlvaradoEstructuras\EnOrden.h(87,20): error C2355:  'this': solo se puede hacer referencia a this en funciones miembro no estáticas o inicializadores de miembro de datos no estáticos
C:\Users\JUAN DIEGO ALVARADO\source\repos\Proyecto1JuanDiegoAlvaradoEstructuras\Proyecto1JuanDiegoAlvaradoEstructuras\EnOrden.h(91,9): error C2065:  'actual': identificador no declarado
C:\Users\JUAN DIEGO ALVARADO\source\repos\Proyecto1JuanDiegoAlvaradoEstructuras\Proyecto1JuanDiegoAlvaradoEstructuras\EnOrden.h(93,21): error C2065:  'actual': identificador no declarado
C:\Users\JUAN DIEGO ALVARADO\source\repos\Proyecto1JuanDiegoAlvaradoEstructuras\Proyecto1JuanDiegoAlvaradoEstructuras\EnOrden.h(94,3): error C2065:  'actual': identificador no declarado
C:\Users\JUAN DIEGO ALVARADO\source\repos\Proyecto1JuanDiegoAlvaradoEstructuras\Proyecto1JuanDiegoAlvaradoEstructuras\EnOrden.h(94,12): error C2065:  'actual': identificador no declarado
C:\Users\JUAN DIEGO ALVARADO\source\repos\Proyecto1JuanDiegoAlvaradoEstructuras\Proyecto1JuanDiegoAlvaradoEstructuras\EnOrden.h(98,20): error C2653:  'EnOrden': no es un nombre de clase o espacio de nombres
C:\Users\JUAN DIEGO ALVARADO\source\repos\Proyecto1JuanDiegoAlvaradoEstructuras\Proyecto1JuanDiegoAlvaradoEstructuras\EnOrden.h(99,11): error C2065:  'actual': identificador no declarado
C:\Users\JUAN DIEGO ALVARADO\source\repos\Proyecto1JuanDiegoAlvaradoEstructuras\Proyecto1JuanDiegoAlvaradoEstructuras\EnOrden.h(99,18): error C2563:  hay una falta de correspondencia en la lista de parámetros formales
C:\Users\JUAN DIEGO ALVARADO\source\repos\Proyecto1JuanDiegoAlvaradoEstructuras\Proyecto1JuanDiegoAlvaradoEstructuras\EnOrden.h(99,20): error C2355:  'this': solo se puede hacer referencia a this en funciones miembro no estáticas o inicializadores de miembro de datos no estáticos
C:\Users\JUAN DIEGO ALVARADO\source\repos\Proyecto1JuanDiegoAlvaradoEstructuras\Proyecto1JuanDiegoAlvaradoEstructuras\EnOrden.h(118,9): error C2065:  'actual': identificador no declarado
C:\Users\JUAN DIEGO ALVARADO\source\repos\Proyecto1JuanDiegoAlvaradoEstructuras\Proyecto1JuanDiegoAlvaradoEstructuras\EnOrden.h(119,26): error C2065:  'actual': identificador no declarado
C:\Users\JUAN DIEGO ALVARADO\source\repos\Proyecto1JuanDiegoAlvaradoEstructuras\Proyecto1JuanDiegoAlvaradoEstructuras\EnOrden.h(119,54): error C2065:  'actual': identificador no declarado
C:\Users\JUAN DIEGO ALVARADO\source\repos\Proyecto1JuanDiegoAlvaradoEstructuras\Proyecto1JuanDiegoAlvaradoEstructuras\EnOrden.h(120,7): error C2065:  'actual': identificador no declarado
C:\Users\JUAN DIEGO ALVARADO\source\repos\Proyecto1JuanDiegoAlvaradoEstructuras\Proyecto1JuanDiegoAlvaradoEstructuras\EnOrden.h(122,27): error C2065:  'actual': identificador no declarado
C:\Users\JUAN DIEGO ALVARADO\source\repos\Proyecto1JuanDiegoAlvaradoEstructuras\Proyecto1JuanDiegoAlvaradoEstructuras\EnOrden.h(123,27): error C2065:  'actual': identificador no declarado
C:\Users\JUAN DIEGO ALVARADO\source\repos\Proyecto1JuanDiegoAlvaradoEstructuras\Proyecto1JuanDiegoAlvaradoEstructuras\EnOrden.h(126,3): error C2065:  'actual': identificador no declarado
C:\Users\JUAN DIEGO ALVARADO\source\repos\Proyecto1JuanDiegoAlvaradoEstructuras\Proyecto1JuanDiegoAlvaradoEstructuras\EnOrden.h(126,12): error C2065:  'actual': identificador no declarado
C:\Users\JUAN DIEGO ALVARADO\source\repos\Proyecto1JuanDiegoAlvaradoEstructuras\Proyecto1JuanDiegoAlvaradoEstructuras\Usuario.h(16,8): error C2143:  error de sintaxis: falta ';' delante de '*'
C:\Users\JUAN DIEGO ALVARADO\source\repos\Proyecto1JuanDiegoAlvaradoEstructuras\Proyecto1JuanDiegoAlvaradoEstructuras\Usuario.h(16,8): error C4430:  falta el especificador de tipo; se presupone int. Nota: C++ no admite default-int
C:\Users\JUAN DIEGO ALVARADO\source\repos\Proyecto1JuanDiegoAlvaradoEstructuras\Proyecto1JuanDiegoAlvaradoEstructuras\Usuario.h(16,8): error C2365:  'EnOrden': nueva definición; la definición anterior era 'función'
C:\Users\JUAN DIEGO ALVARADO\source\repos\Proyecto1JuanDiegoAlvaradoEstructuras\Proyecto1JuanDiegoAlvaradoEstructuras\Usuario.h(16,18): error C4430:  falta el especificador de tipo; se presupone int. Nota: C++ no admite default-int
C:\Users\JUAN DIEGO ALVARADO\source\repos\Proyecto1JuanDiegoAlvaradoEstructuras\Proyecto1JuanDiegoAlvaradoEstructuras\Usuario.h(16,29): error C2061:  error de sintaxis: identificador 'EnOrden'
C:\Users\JUAN DIEGO ALVARADO\source\repos\Proyecto1JuanDiegoAlvaradoEstructuras\Proyecto1JuanDiegoAlvaradoEstructuras\Usuario.h(127,2): warning C4091:  'static ': se ha omitido a la izquierda de 'ListaPunteo' cuando no hay ninguna variable declarada
C:\Users\JUAN DIEGO ALVARADO\source\repos\Proyecto1JuanDiegoAlvaradoEstructuras\Proyecto1JuanDiegoAlvaradoEstructuras\Usuario.h(385,2): error C2065:  'preOrden': identificador no declarado
C:\Users\JUAN DIEGO ALVARADO\source\repos\Proyecto1JuanDiegoAlvaradoEstructuras\Proyecto1JuanDiegoAlvaradoEstructuras\Usuario.h(532,3): error C2065:  'preOrden': identificador no declarado
C:\Users\JUAN DIEGO ALVARADO\source\repos\Proyecto1JuanDiegoAlvaradoEstructuras\Proyecto1JuanDiegoAlvaradoEstructuras\Fichas.h(434,2): warning C4091:  'static ': se ha omitido a la izquierda de 'FichasUsuario' cuando no hay ninguna variable declarada
C:\Users\JUAN DIEGO ALVARADO\source\repos\Proyecto1JuanDiegoAlvaradoEstructuras\Proyecto1JuanDiegoAlvaradoEstructuras\Fichas.h(670,2): warning C4091:  'static ': se ha omitido a la izquierda de 'UsuariosJuego' cuando no hay ninguna variable declarada
C:\Users\JUAN DIEGO ALVARADO\source\repos\Proyecto1JuanDiegoAlvaradoEstructuras\Proyecto1JuanDiegoAlvaradoEstructuras\Fichas.h(744,22): warning C4018:  '<': no coinciden signed/unsigned
C:\Users\JUAN DIEGO ALVARADO\source\repos\Proyecto1JuanDiegoAlvaradoEstructuras\Proyecto1JuanDiegoAlvaradoEstructuras\Proyecto1JuanDiegoAlvaradoEstructuras.cpp(16,10): warning C4067:  símbolos (token) inesperados después de la directiva del preprocesador; se esperaba una nueva línea
C:\Users\JUAN DIEGO ALVARADO\source\repos\Proyecto1JuanDiegoAlvaradoEstructuras\Proyecto1JuanDiegoAlvaradoEstructuras\Proyecto1JuanDiegoAlvaradoEstructuras.cpp(581,25): warning C4018:  '<': no coinciden signed/unsigned
C:\Users\JUAN DIEGO ALVARADO\source\repos\Proyecto1JuanDiegoAlvaradoEstructuras\Proyecto1JuanDiegoAlvaradoEstructuras\Proyecto1JuanDiegoAlvaradoEstructuras.cpp(735,25): warning C4018:  '<': no coinciden signed/unsigned
